[35m[1mScanning dependencies of target _hand_control_generate_messages_check_deps_leap_message[0m
[35m[1mScanning dependencies of target geometry_msgs_generate_messages_py[0m
[35m[1mScanning dependencies of target std_msgs_generate_messages_lisp[0m
[35m[1mScanning dependencies of target geometry_msgs_generate_messages_eus[0m
[35m[1mScanning dependencies of target std_msgs_generate_messages_nodejs[0m
[35m[1mScanning dependencies of target geometry_msgs_generate_messages_lisp[0m
[35m[1mScanning dependencies of target std_msgs_generate_messages_eus[0m
[35m[1mScanning dependencies of target geometry_msgs_generate_messages_nodejs[0m
[35m[1mScanning dependencies of target std_msgs_generate_messages_py[0m
[35m[1mScanning dependencies of target std_msgs_generate_messages_cpp[0m
[35m[1mScanning dependencies of target geometry_msgs_generate_messages_cpp[0m
[  0%] Built target std_msgs_generate_messages_lisp
[  0%] Built target geometry_msgs_generate_messages_py
[  0%] Built target geometry_msgs_generate_messages_eus
[  0%] Built target std_msgs_generate_messages_nodejs
[  0%] Built target std_msgs_generate_messages_eus
[  0%] Built target geometry_msgs_generate_messages_lisp
[  0%] Built target std_msgs_generate_messages_cpp
[  0%] Built target std_msgs_generate_messages_py
[  0%] Built target geometry_msgs_generate_messages_nodejs
[  0%] Built target geometry_msgs_generate_messages_cpp
[  0%] Built target _hand_control_generate_messages_check_deps_leap_message
[35m[1mScanning dependencies of target hand_control_generate_messages_lisp[0m
[35m[1mScanning dependencies of target hand_control_generate_messages_eus[0m
[35m[1mScanning dependencies of target hand_control_generate_messages_nodejs[0m
[35m[1mScanning dependencies of target hand_control_generate_messages_cpp[0m
[35m[1mScanning dependencies of target hand_control_generate_messages_py[0m
[ 57%] [34m[1mGenerating Javascript code from hand_control/leap_message.msg[0m
[ 57%] [34m[1mGenerating Lisp code from hand_control/leap_message.msg[0m
[ 57%] [34m[1mGenerating Python from MSG hand_control/leap_message[0m
[ 71%] [34m[1mGenerating EusLisp code from hand_control/leap_message.msg[0m
[ 71%] [34m[1mGenerating EusLisp manifest code for hand_control[0m
[ 85%] [34m[1mGenerating C++ code from hand_control/leap_message.msg[0m
[ 85%] Built target hand_control_generate_messages_lisp
[ 85%] Built target hand_control_generate_messages_nodejs
[ 85%] Built target hand_control_generate_messages_cpp
[100%] [34m[1mGenerating Python msg __init__.py for hand_control[0m
[100%] Built target hand_control_generate_messages_py
[100%] Built target hand_control_generate_messages_eus
[35m[1mScanning dependencies of target hand_control_generate_messages[0m
[100%] Built target hand_control_generate_messages
