[  0%] Built target std_msgs_generate_messages_py
[  0%] Built target geometry_msgs_generate_messages_nodejs
[  0%] Built target geometry_msgs_generate_messages_eus
[  0%] Built target geometry_msgs_generate_messages_cpp
[  0%] Built target std_msgs_generate_messages_eus
[  0%] Built target geometry_msgs_generate_messages_lisp
[  0%] Built target std_msgs_generate_messages_cpp
[  0%] Built target std_msgs_generate_messages_lisp
[  0%] Built target geometry_msgs_generate_messages_py
[  0%] Built target std_msgs_generate_messages_nodejs
[  0%] Built target _leap_motion_generate_messages_check_deps_leap_message
[ 42%] [34m[1mGenerating Javascript code from leap_motion/leap_message.msg[0m
[ 42%] [34m[1mGenerating C++ code from leap_motion/leap_message.msg[0m
[ 42%] [34m[1mGenerating EusLisp code from leap_motion/leap_message.msg[0m
[ 57%] [34m[1mGenerating Python from MSG leap_motion/leap_message[0m
[ 71%] [34m[1mGenerating Lisp code from leap_motion/leap_message.msg[0m
[ 71%] Built target leap_motion_generate_messages_lisp
[ 71%] Built target leap_motion_generate_messages_nodejs
[ 85%] Built target leap_motion_generate_messages_eus
[ 85%] Built target leap_motion_generate_messages_cpp
[100%] [34m[1mGenerating Python msg __init__.py for leap_motion[0m
[100%] Built target leap_motion_generate_messages_py
[100%] Built target leap_motion_generate_messages
